0 info it worked if it ends with ok
1 verbose cli [ '/Users/stevenzwzhai/.nvm/versions/node/v6.9.4/bin/node',
1 verbose cli   '/Users/stevenzwzhai/.nvm/versions/node/v6.9.4/bin/npm',
1 verbose cli   'run',
1 verbose cli   'build:weapp' ]
2 info using npm@3.10.10
3 info using node@v6.9.4
4 verbose run-script [ 'prebuild:weapp', 'build:weapp', 'postbuild:weapp' ]
5 info lifecycle wx-tools@1.0.0~prebuild:weapp: wx-tools@1.0.0
6 silly lifecycle wx-tools@1.0.0~prebuild:weapp: no script for prebuild:weapp, continuing
7 info lifecycle wx-tools@1.0.0~build:weapp: wx-tools@1.0.0
8 verbose lifecycle wx-tools@1.0.0~build:weapp: unsafe-perm in lifecycle true
9 verbose lifecycle wx-tools@1.0.0~build:weapp: PATH: /Users/stevenzwzhai/.nvm/versions/node/v6.9.4/lib/node_modules/npm/bin/node-gyp-bin:/Users/stevenzwzhai/workspace/test/wx-tools/node_modules/.bin:/Users/stevenzwzhai/.nvm/versions/node/v6.9.4/bin:/Applications/Visual Studio Code.app/Contents/Resources/app/bin:/usr/bin:/bin:/usr/sbin:/sbin
10 verbose lifecycle wx-tools@1.0.0~build:weapp: CWD: /Users/stevenzwzhai/workspace/test/wx-tools
11 silly lifecycle wx-tools@1.0.0~build:weapp: Args: [ '-c', 'taro build --type weapp' ]
12 silly lifecycle wx-tools@1.0.0~build:weapp: Returned: code: 1  signal: null
13 info lifecycle wx-tools@1.0.0~build:weapp: Failed to exec build:weapp script
14 verbose stack Error: wx-tools@1.0.0 build:weapp: `taro build --type weapp`
14 verbose stack Exit status 1
14 verbose stack     at EventEmitter.<anonymous> (/Users/stevenzwzhai/.nvm/versions/node/v6.9.4/lib/node_modules/npm/lib/utils/lifecycle.js:255:16)
14 verbose stack     at emitTwo (events.js:106:13)
14 verbose stack     at EventEmitter.emit (events.js:191:7)
14 verbose stack     at ChildProcess.<anonymous> (/Users/stevenzwzhai/.nvm/versions/node/v6.9.4/lib/node_modules/npm/lib/utils/spawn.js:40:14)
14 verbose stack     at emitTwo (events.js:106:13)
14 verbose stack     at ChildProcess.emit (events.js:191:7)
14 verbose stack     at maybeClose (internal/child_process.js:877:16)
14 verbose stack     at Process.ChildProcess._handle.onexit (internal/child_process.js:226:5)
15 verbose pkgid wx-tools@1.0.0
16 verbose cwd /Users/stevenzwzhai/workspace/test/wx-tools
17 error Darwin 17.5.0
18 error argv "/Users/stevenzwzhai/.nvm/versions/node/v6.9.4/bin/node" "/Users/stevenzwzhai/.nvm/versions/node/v6.9.4/bin/npm" "run" "build:weapp"
19 error node v6.9.4
20 error npm  v3.10.10
21 error code ELIFECYCLE
22 error wx-tools@1.0.0 build:weapp: `taro build --type weapp`
22 error Exit status 1
23 error Failed at the wx-tools@1.0.0 build:weapp script 'taro build --type weapp'.
23 error Make sure you have the latest version of node.js and npm installed.
23 error If you do, this is most likely a problem with the wx-tools package,
23 error not with npm itself.
23 error Tell the author that this fails on your system:
23 error     taro build --type weapp
23 error You can get information on how to open an issue for this project with:
23 error     npm bugs wx-tools
23 error Or if that isn't available, you can get their info via:
23 error     npm owner ls wx-tools
23 error There is likely additional logging output above.
24 verbose exit [ 1, true ]
